[0.126s] DEBUG:colcon:Command line arguments: ['/usr/bin/colcon', 'list', '-p', '--base-paths', '/media/rosuser/山田リョウ/svea/svea_jazzy']
[0.126s] DEBUG:colcon:Parsed command line arguments: Namespace(log_base=None, log_level=None, verb_name='list', build_base='build', ignore_user_meta=False, metas=['./colcon.meta'], base_paths=['/media/rosuser/山田リョウ/svea/svea_jazzy'], packages_ignore=None, packages_ignore_regex=None, paths=None, packages_up_to=None, packages_up_to_regex=None, packages_above=None, packages_above_and_dependencies=None, packages_above_depth=None, packages_select_by_dep=None, packages_skip_by_dep=None, packages_skip_up_to=None, packages_select_build_failed=False, packages_skip_build_finished=False, packages_select_test_failures=False, packages_skip_test_passed=False, packages_select=None, packages_skip=None, packages_select_regex=None, packages_skip_regex=None, packages_start=None, packages_end=None, allow_overriding=[], topological_order=False, names_only=False, paths_only=True, topological_graph=False, topological_graph_dot=False, topological_graph_density=False, topological_graph_legend=False, topological_graph_dot_cluster=False, topological_graph_dot_include_skipped=False, verb_parser=<colcon_defaults.argument_parser.defaults.DefaultArgumentsDecorator object at 0x79b469e4d5a0>, verb_extension=<colcon_package_information.verb.list.ListVerb object at 0x79b469e4c580>, main=<bound method ListVerb.main of <colcon_package_information.verb.list.ListVerb object at 0x79b469e4c580>>)
[0.362s] Level 1:colcon.colcon_core.package_discovery:discover_packages(colcon_meta) check parameters
[0.362s] Level 1:colcon.colcon_core.package_discovery:discover_packages(recursive) check parameters
[0.362s] Level 1:colcon.colcon_core.package_discovery:discover_packages(ignore) check parameters
[0.362s] Level 1:colcon.colcon_core.package_discovery:discover_packages(path) check parameters
[0.362s] Level 1:colcon.colcon_core.package_discovery:discover_packages(recursive) discover
[0.362s] INFO:colcon.colcon_core.package_discovery:Crawling recursively for packages in '/media/rosuser/山田リョウ/svea/svea_jazzy'
[0.363s] Level 1:colcon.colcon_core.package_identification:_identify(/media/rosuser/山田リョウ/svea/svea_jazzy) by extensions ['ignore', 'ignore_ament_install']
[0.363s] Level 1:colcon.colcon_core.package_identification:_identify(/media/rosuser/山田リョウ/svea/svea_jazzy) by extension 'ignore'
[0.363s] Level 1:colcon.colcon_core.package_identification:_identify(/media/rosuser/山田リョウ/svea/svea_jazzy) by extension 'ignore_ament_install'
[0.363s] Level 1:colcon.colcon_core.package_identification:_identify(/media/rosuser/山田リョウ/svea/svea_jazzy) by extensions ['colcon_pkg']
[0.363s] Level 1:colcon.colcon_core.package_identification:_identify(/media/rosuser/山田リョウ/svea/svea_jazzy) by extension 'colcon_pkg'
[0.363s] Level 1:colcon.colcon_core.package_identification:_identify(/media/rosuser/山田リョウ/svea/svea_jazzy) by extensions ['colcon_meta']
[0.363s] Level 1:colcon.colcon_core.package_identification:_identify(/media/rosuser/山田リョウ/svea/svea_jazzy) by extension 'colcon_meta'
[0.363s] Level 1:colcon.colcon_core.package_identification:_identify(/media/rosuser/山田リョウ/svea/svea_jazzy) by extensions ['ros']
[0.363s] Level 1:colcon.colcon_core.package_identification:_identify(/media/rosuser/山田リョウ/svea/svea_jazzy) by extension 'ros'
[0.376s] Level 1:colcon.colcon_core.package_identification:_identify(/media/rosuser/山田リョウ/svea/svea_jazzy) by extensions ['cmake', 'python']
[0.376s] Level 1:colcon.colcon_core.package_identification:_identify(/media/rosuser/山田リョウ/svea/svea_jazzy) by extension 'cmake'
[0.376s] Level 1:colcon.colcon_core.package_identification:_identify(/media/rosuser/山田リョウ/svea/svea_jazzy) by extension 'python'
[0.376s] Level 1:colcon.colcon_core.package_identification:_identify(/media/rosuser/山田リョウ/svea/svea_jazzy) by extensions ['python_setup_py']
[0.376s] Level 1:colcon.colcon_core.package_identification:_identify(/media/rosuser/山田リョウ/svea/svea_jazzy) by extension 'python_setup_py'
[0.377s] Level 1:colcon.colcon_core.package_identification:_identify(/media/rosuser/山田リョウ/svea/svea_jazzy/docker) by extensions ['ignore', 'ignore_ament_install']
[0.377s] Level 1:colcon.colcon_core.package_identification:_identify(/media/rosuser/山田リョウ/svea/svea_jazzy/docker) by extension 'ignore'
[0.377s] Level 1:colcon.colcon_core.package_identification:_identify(/media/rosuser/山田リョウ/svea/svea_jazzy/docker) by extension 'ignore_ament_install'
[0.377s] Level 1:colcon.colcon_core.package_identification:_identify(/media/rosuser/山田リョウ/svea/svea_jazzy/docker) by extensions ['colcon_pkg']
[0.377s] Level 1:colcon.colcon_core.package_identification:_identify(/media/rosuser/山田リョウ/svea/svea_jazzy/docker) by extension 'colcon_pkg'
[0.377s] Level 1:colcon.colcon_core.package_identification:_identify(/media/rosuser/山田リョウ/svea/svea_jazzy/docker) by extensions ['colcon_meta']
[0.377s] Level 1:colcon.colcon_core.package_identification:_identify(/media/rosuser/山田リョウ/svea/svea_jazzy/docker) by extension 'colcon_meta'
[0.377s] Level 1:colcon.colcon_core.package_identification:_identify(/media/rosuser/山田リョウ/svea/svea_jazzy/docker) by extensions ['ros']
[0.377s] Level 1:colcon.colcon_core.package_identification:_identify(/media/rosuser/山田リョウ/svea/svea_jazzy/docker) by extension 'ros'
[0.377s] Level 1:colcon.colcon_core.package_identification:_identify(/media/rosuser/山田リョウ/svea/svea_jazzy/docker) by extensions ['cmake', 'python']
[0.377s] Level 1:colcon.colcon_core.package_identification:_identify(/media/rosuser/山田リョウ/svea/svea_jazzy/docker) by extension 'cmake'
[0.377s] Level 1:colcon.colcon_core.package_identification:_identify(/media/rosuser/山田リョウ/svea/svea_jazzy/docker) by extension 'python'
[0.377s] Level 1:colcon.colcon_core.package_identification:_identify(/media/rosuser/山田リョウ/svea/svea_jazzy/docker) by extensions ['python_setup_py']
[0.377s] Level 1:colcon.colcon_core.package_identification:_identify(/media/rosuser/山田リョウ/svea/svea_jazzy/docker) by extension 'python_setup_py'
[0.378s] Level 1:colcon.colcon_core.package_identification:_identify(/media/rosuser/山田リョウ/svea/svea_jazzy/log) by extensions ['ignore', 'ignore_ament_install']
[0.378s] Level 1:colcon.colcon_core.package_identification:_identify(/media/rosuser/山田リョウ/svea/svea_jazzy/log) by extension 'ignore'
[0.378s] Level 1:colcon.colcon_core.package_identification:_identify(/media/rosuser/山田リョウ/svea/svea_jazzy/log) ignored
[0.378s] Level 1:colcon.colcon_core.package_identification:_identify(/media/rosuser/山田リョウ/svea/svea_jazzy/src) by extensions ['ignore', 'ignore_ament_install']
[0.378s] Level 1:colcon.colcon_core.package_identification:_identify(/media/rosuser/山田リョウ/svea/svea_jazzy/src) by extension 'ignore'
[0.378s] Level 1:colcon.colcon_core.package_identification:_identify(/media/rosuser/山田リョウ/svea/svea_jazzy/src) by extension 'ignore_ament_install'
[0.378s] Level 1:colcon.colcon_core.package_identification:_identify(/media/rosuser/山田リョウ/svea/svea_jazzy/src) by extensions ['colcon_pkg']
[0.379s] Level 1:colcon.colcon_core.package_identification:_identify(/media/rosuser/山田リョウ/svea/svea_jazzy/src) by extension 'colcon_pkg'
[0.379s] Level 1:colcon.colcon_core.package_identification:_identify(/media/rosuser/山田リョウ/svea/svea_jazzy/src) by extensions ['colcon_meta']
[0.379s] Level 1:colcon.colcon_core.package_identification:_identify(/media/rosuser/山田リョウ/svea/svea_jazzy/src) by extension 'colcon_meta'
[0.379s] Level 1:colcon.colcon_core.package_identification:_identify(/media/rosuser/山田リョウ/svea/svea_jazzy/src) by extensions ['ros']
[0.379s] Level 1:colcon.colcon_core.package_identification:_identify(/media/rosuser/山田リョウ/svea/svea_jazzy/src) by extension 'ros'
[0.379s] Level 1:colcon.colcon_core.package_identification:_identify(/media/rosuser/山田リョウ/svea/svea_jazzy/src) by extensions ['cmake', 'python']
[0.379s] Level 1:colcon.colcon_core.package_identification:_identify(/media/rosuser/山田リョウ/svea/svea_jazzy/src) by extension 'cmake'
[0.379s] Level 1:colcon.colcon_core.package_identification:_identify(/media/rosuser/山田リョウ/svea/svea_jazzy/src) by extension 'python'
[0.379s] Level 1:colcon.colcon_core.package_identification:_identify(/media/rosuser/山田リョウ/svea/svea_jazzy/src) by extensions ['python_setup_py']
[0.379s] Level 1:colcon.colcon_core.package_identification:_identify(/media/rosuser/山田リョウ/svea/svea_jazzy/src) by extension 'python_setup_py'
[0.379s] Level 1:colcon.colcon_core.package_identification:_identify(/media/rosuser/山田リョウ/svea/svea_jazzy/src/svea_core) by extensions ['ignore', 'ignore_ament_install']
[0.379s] Level 1:colcon.colcon_core.package_identification:_identify(/media/rosuser/山田リョウ/svea/svea_jazzy/src/svea_core) by extension 'ignore'
[0.379s] Level 1:colcon.colcon_core.package_identification:_identify(/media/rosuser/山田リョウ/svea/svea_jazzy/src/svea_core) by extension 'ignore_ament_install'
[0.380s] Level 1:colcon.colcon_core.package_identification:_identify(/media/rosuser/山田リョウ/svea/svea_jazzy/src/svea_core) by extensions ['colcon_pkg']
[0.380s] Level 1:colcon.colcon_core.package_identification:_identify(/media/rosuser/山田リョウ/svea/svea_jazzy/src/svea_core) by extension 'colcon_pkg'
[0.380s] Level 1:colcon.colcon_core.package_identification:_identify(/media/rosuser/山田リョウ/svea/svea_jazzy/src/svea_core) by extensions ['colcon_meta']
[0.380s] Level 1:colcon.colcon_core.package_identification:_identify(/media/rosuser/山田リョウ/svea/svea_jazzy/src/svea_core) by extension 'colcon_meta'
[0.380s] Level 1:colcon.colcon_core.package_identification:_identify(/media/rosuser/山田リョウ/svea/svea_jazzy/src/svea_core) by extensions ['ros']
[0.380s] Level 1:colcon.colcon_core.package_identification:_identify(/media/rosuser/山田リョウ/svea/svea_jazzy/src/svea_core) by extension 'ros'
[0.385s] DEBUG:colcon.colcon_core.package_identification:Package '/media/rosuser/山田リョウ/svea/svea_jazzy/src/svea_core' with type 'ros.ament_python' and name 'svea_core'
[0.385s] Level 1:colcon.colcon_core.package_identification:_identify(/media/rosuser/山田リョウ/svea/svea_jazzy/src/svea_msgs) by extensions ['ignore', 'ignore_ament_install']
[0.385s] Level 1:colcon.colcon_core.package_identification:_identify(/media/rosuser/山田リョウ/svea/svea_jazzy/src/svea_msgs) by extension 'ignore'
[0.386s] Level 1:colcon.colcon_core.package_identification:_identify(/media/rosuser/山田リョウ/svea/svea_jazzy/src/svea_msgs) by extension 'ignore_ament_install'
[0.386s] Level 1:colcon.colcon_core.package_identification:_identify(/media/rosuser/山田リョウ/svea/svea_jazzy/src/svea_msgs) by extensions ['colcon_pkg']
[0.386s] Level 1:colcon.colcon_core.package_identification:_identify(/media/rosuser/山田リョウ/svea/svea_jazzy/src/svea_msgs) by extension 'colcon_pkg'
[0.386s] Level 1:colcon.colcon_core.package_identification:_identify(/media/rosuser/山田リョウ/svea/svea_jazzy/src/svea_msgs) by extensions ['colcon_meta']
[0.386s] Level 1:colcon.colcon_core.package_identification:_identify(/media/rosuser/山田リョウ/svea/svea_jazzy/src/svea_msgs) by extension 'colcon_meta'
[0.386s] Level 1:colcon.colcon_core.package_identification:_identify(/media/rosuser/山田リョウ/svea/svea_jazzy/src/svea_msgs) by extensions ['ros']
[0.386s] Level 1:colcon.colcon_core.package_identification:_identify(/media/rosuser/山田リョウ/svea/svea_jazzy/src/svea_msgs) by extension 'ros'
[0.387s] DEBUG:colcon.colcon_core.package_identification:Package '/media/rosuser/山田リョウ/svea/svea_jazzy/src/svea_msgs' with type 'ros.ament_cmake' and name 'svea_msgs'
[0.387s] Level 1:colcon.colcon_core.package_identification:_identify(/media/rosuser/山田リョウ/svea/svea_jazzy/util) by extensions ['ignore', 'ignore_ament_install']
[0.387s] Level 1:colcon.colcon_core.package_identification:_identify(/media/rosuser/山田リョウ/svea/svea_jazzy/util) by extension 'ignore'
[0.387s] Level 1:colcon.colcon_core.package_identification:_identify(/media/rosuser/山田リョウ/svea/svea_jazzy/util) by extension 'ignore_ament_install'
[0.387s] Level 1:colcon.colcon_core.package_identification:_identify(/media/rosuser/山田リョウ/svea/svea_jazzy/util) by extensions ['colcon_pkg']
[0.387s] Level 1:colcon.colcon_core.package_identification:_identify(/media/rosuser/山田リョウ/svea/svea_jazzy/util) by extension 'colcon_pkg'
[0.387s] Level 1:colcon.colcon_core.package_identification:_identify(/media/rosuser/山田リョウ/svea/svea_jazzy/util) by extensions ['colcon_meta']
[0.387s] Level 1:colcon.colcon_core.package_identification:_identify(/media/rosuser/山田リョウ/svea/svea_jazzy/util) by extension 'colcon_meta'
[0.387s] Level 1:colcon.colcon_core.package_identification:_identify(/media/rosuser/山田リョウ/svea/svea_jazzy/util) by extensions ['ros']
[0.387s] Level 1:colcon.colcon_core.package_identification:_identify(/media/rosuser/山田リョウ/svea/svea_jazzy/util) by extension 'ros'
[0.388s] Level 1:colcon.colcon_core.package_identification:_identify(/media/rosuser/山田リョウ/svea/svea_jazzy/util) by extensions ['cmake', 'python']
[0.388s] Level 1:colcon.colcon_core.package_identification:_identify(/media/rosuser/山田リョウ/svea/svea_jazzy/util) by extension 'cmake'
[0.388s] Level 1:colcon.colcon_core.package_identification:_identify(/media/rosuser/山田リョウ/svea/svea_jazzy/util) by extension 'python'
[0.388s] Level 1:colcon.colcon_core.package_identification:_identify(/media/rosuser/山田リョウ/svea/svea_jazzy/util) by extensions ['python_setup_py']
[0.388s] Level 1:colcon.colcon_core.package_identification:_identify(/media/rosuser/山田リョウ/svea/svea_jazzy/util) by extension 'python_setup_py'
[0.388s] Level 1:colcon.colcon_core.package_discovery:discover_packages(recursive) using defaults
